d:\moja edukacja\agh\semestr 2\procedurki\projekty\lhfifo\debug\vc142.pdb
d:\moja edukacja\agh\semestr 2\procedurki\projekty\lhfifo\debug\vc142.idb
d:\moja edukacja\agh\semestr 2\procedurki\projekty\lhfifo\debug\źródło.obj
d:\moja edukacja\agh\semestr 2\procedurki\projekty\lhfifo\debug\fqueue.obj
d:\moja edukacja\agh\semestr 2\procedurki\projekty\lhfifo\debug\źródłolh.obj
d:\moja edukacja\agh\semestr 2\procedurki\tomaszkurcaba\lhfifo\debug\vc142.pdb
d:\moja edukacja\agh\semestr 2\procedurki\tomaszkurcaba\lhfifo\debug\vc142.idb
d:\moja edukacja\agh\semestr 2\procedurki\tomaszkurcaba\lhfifo\debug\źródłolh.obj
d:\moja edukacja\agh\semestr 2\procedurki\tomaszkurcaba\lhfifo\debug\fqueue.obj
d:\moja edukacja\agh\semestr 2\procedurki\projekty\fifo\debug\lhfifo.exe
d:\moja edukacja\agh\semestr 2\procedurki\projekty\fifo\debug\lhfifo.ilk
d:\moja edukacja\agh\semestr 2\procedurki\projekty\fifo\debug\lhfifo.pdb
d:\moja edukacja\agh\semestr 2\procedurki\tomaszkurcaba\fifo\debug\lhfifo.exe
d:\moja edukacja\agh\semestr 2\procedurki\tomaszkurcaba\fifo\debug\lhfifo.ilk
d:\moja edukacja\agh\semestr 2\procedurki\tomaszkurcaba\fifo\debug\lhfifo.pdb
d:\moja edukacja\agh\semestr 2\procedurki\tomaszkurcaba\lhfifo\debug\źródło.obj
d:\moja edukacja\agh\semestr 2\procedurki\tomaszkurcaba\lhfifo\debug\lhfifo.tlog\cl.command.1.tlog
d:\moja edukacja\agh\semestr 2\procedurki\tomaszkurcaba\lhfifo\debug\lhfifo.tlog\cl.read.1.tlog
d:\moja edukacja\agh\semestr 2\procedurki\tomaszkurcaba\lhfifo\debug\lhfifo.tlog\cl.write.1.tlog
d:\moja edukacja\agh\semestr 2\procedurki\tomaszkurcaba\lhfifo\debug\lhfifo.tlog\link.command.1.tlog
d:\moja edukacja\agh\semestr 2\procedurki\tomaszkurcaba\lhfifo\debug\lhfifo.tlog\link.read.1.tlog
d:\moja edukacja\agh\semestr 2\procedurki\tomaszkurcaba\lhfifo\debug\lhfifo.tlog\link.write.1.tlog
